[23:11:24] [main/INFO] [FML/]: Forge Mod Loader version 7.99.4.1614 for Minecraft 1.7.10 loading
[23:11:24] [main/INFO] [FML/]: Java is Java HotSpot(TM) 64-Bit Server VM, version 1.8.0_121, running on Windows 10:amd64:10.0, installed at C:\Program Files\Java\jre1.8.0_121
[23:11:24] [main/INFO] [STDERR/]: [pw.prok.imagine.ImagineLoadingPlugin:<clinit>:26]: Loading plugin initialized!
[23:11:24] [main/INFO] [LaunchWrapper/]: Loading tweak class name cpw.mods.fml.common.launcher.FMLInjectionAndSortingTweaker
[23:11:24] [main/INFO] [LaunchWrapper/]: Loading tweak class name cpw.mods.fml.common.launcher.FMLDeobfTweaker
[23:11:24] [main/INFO] [LaunchWrapper/]: Calling tweak class cpw.mods.fml.common.launcher.FMLInjectionAndSortingTweaker
[23:11:24] [main/INFO] [LaunchWrapper/]: Calling tweak class cpw.mods.fml.common.launcher.FMLInjectionAndSortingTweaker
[23:11:24] [main/INFO] [LaunchWrapper/]: Calling tweak class cpw.mods.fml.relauncher.CoreModManager$FMLPluginWrapper
[23:11:25] [main/INFO] [LaunchWrapper/]: Calling tweak class cpw.mods.fml.relauncher.CoreModManager$FMLPluginWrapper
[23:11:25] [main/INFO] [LaunchWrapper/]: Calling tweak class cpw.mods.fml.relauncher.CoreModManager$FMLPluginWrapper
[23:11:26] [main/INFO] [LaunchWrapper/]: Calling tweak class cpw.mods.fml.common.launcher.FMLDeobfTweaker
[23:11:26] [main/INFO] [LaunchWrapper/]: Loading tweak class name cpw.mods.fml.common.launcher.TerminalTweaker
[23:11:26] [main/INFO] [LaunchWrapper/]: Calling tweak class cpw.mods.fml.common.launcher.TerminalTweaker
[23:11:27] [main/INFO] [LaunchWrapper/]: Launching wrapped minecraft {net.minecraft.server.MinecraftServer}
[23:11:31] [Server thread/INFO] [MinecraftForge/]: Attempting early MinecraftForge initialization
[23:11:31] [Server thread/INFO] [FML/]: MinecraftForge v10.13.4.1614 Initialized
[23:11:31] [Server thread/INFO] [FML/]: Replaced 183 ore recipies
[23:11:31] [Server thread/INFO] [MinecraftForge/]: Completed early MinecraftForge initialization
[23:11:31] [Server thread/INFO] [FML/]: Found 0 mods from the command line. Injecting into mod discoverer
[23:11:31] [Server thread/INFO] [FML/]: Searching D:\gm\mc\mcag_server\mods for mods
[23:11:32] [Server thread/INFO] [FML/]: Forge Mod Loader has identified 8 mods to load
[23:11:32] [Server thread/ERROR] [FML/]: The mod TConstruct (Tinkers' Construct) requires mods [Mantle] to be available
[23:11:32] [Server thread/WARN] [FML/]: Can't revert to frozen GameData state without freezing first.
[23:11:32] [Server thread/INFO] [FML/]: Applying holder lookups
[23:11:32] [Server thread/INFO] [FML/]: Holder lookups applied
[23:11:32] [Server thread/INFO] [FML/]: The state engine was in incorrect state CONSTRUCTING and forced into state SERVER_STOPPED. Errors may have been discarded.
